-------------------------------------------------------------------------------
Test set: com.greatlearning.EmpREST.EmpRestApplicationTests
-------------------------------------------------------------------------------
Tests run: 1, Failures: 0, Errors: 1, Skipped: 0, Time elapsed: 22.373 s <<< FAILURE! - in com.greatlearning.EmpREST.EmpRestApplicationTests
contextLoads  Time elapsed: 0.007 s  <<< ERROR!
java.lang.IllegalStateException: Failed to load ApplicationContext
Caused by: org.springframework.beans.factory.UnsatisfiedDependencyException: Error creating bean with name 'org.springframework.security.config.annotation.web.configuration.WebSecurityConfiguration': Unsatisfied dependency expressed through method 'setFilterChains' parameter 0; nested exception is org.springframework.beans.factory.UnsatisfiedDependencyException: Error creating bean with name 'filterChain' defined in class path resource [com/greatlearning/EmpREST/security/SecurityConfig_A.class]: Unsatisfied dependency expressed through method 'filterChain' parameter 0; nested exception is org.springframework.beans.factory.BeanCreationException: Error creating bean with name 'org.springframework.security.config.annotation.web.configuration.HttpSecurityConfiguration.httpSecurity' defined in class path resource [org/springframework/security/config/annotation/web/configuration/HttpSecurityConfiguration.class]: Bean instantiation via factory method failed; nested exception is org.springframework.beans.BeanInstantiationException: Failed to instantiate [org.springframework.security.config.annotation.web.builders.HttpSecurity]: Factory method 'httpSecurity' threw exception; nested exception is org.springframework.beans.factory.BeanCreationException: Error creating bean with name 'authenticateUsers' defined in class path resource [com/greatlearning/EmpREST/security/SecurityConfig_A.class]: Bean instantiation via factory method failed; nested exception is org.springframework.beans.BeanInstantiationException: Failed to instantiate [org.springframework.security.provisioning.UserDetailsManager]: Factory method 'authenticateUsers' threw exception; nested exception is java.lang.IllegalArgumentException: Cannot pass a null GrantedAuthority collection
Caused by: org.springframework.beans.factory.UnsatisfiedDependencyException: Error creating bean with name 'filterChain' defined in class path resource [com/greatlearning/EmpREST/security/SecurityConfig_A.class]: Unsatisfied dependency expressed through method 'filterChain' parameter 0; nested exception is org.springframework.beans.factory.BeanCreationException: Error creating bean with name 'org.springframework.security.config.annotation.web.configuration.HttpSecurityConfiguration.httpSecurity' defined in class path resource [org/springframework/security/config/annotation/web/configuration/HttpSecurityConfiguration.class]: Bean instantiation via factory method failed; nested exception is org.springframework.beans.BeanInstantiationException: Failed to instantiate [org.springframework.security.config.annotation.web.builders.HttpSecurity]: Factory method 'httpSecurity' threw exception; nested exception is org.springframework.beans.factory.BeanCreationException: Error creating bean with name 'authenticateUsers' defined in class path resource [com/greatlearning/EmpREST/security/SecurityConfig_A.class]: Bean instantiation via factory method failed; nested exception is org.springframework.beans.BeanInstantiationException: Failed to instantiate [org.springframework.security.provisioning.UserDetailsManager]: Factory method 'authenticateUsers' threw exception; nested exception is java.lang.IllegalArgumentException: Cannot pass a null GrantedAuthority collection
Caused by: org.springframework.beans.factory.BeanCreationException: Error creating bean with name 'org.springframework.security.config.annotation.web.configuration.HttpSecurityConfiguration.httpSecurity' defined in class path resource [org/springframework/security/config/annotation/web/configuration/HttpSecurityConfiguration.class]: Bean instantiation via factory method failed; nested exception is org.springframework.beans.BeanInstantiationException: Failed to instantiate [org.springframework.security.config.annotation.web.builders.HttpSecurity]: Factory method 'httpSecurity' threw exception; nested exception is org.springframework.beans.factory.BeanCreationException: Error creating bean with name 'authenticateUsers' defined in class path resource [com/greatlearning/EmpREST/security/SecurityConfig_A.class]: Bean instantiation via factory method failed; nested exception is org.springframework.beans.BeanInstantiationException: Failed to instantiate [org.springframework.security.provisioning.UserDetailsManager]: Factory method 'authenticateUsers' threw exception; nested exception is java.lang.IllegalArgumentException: Cannot pass a null GrantedAuthority collection
Caused by: org.springframework.beans.BeanInstantiationException: Failed to instantiate [org.springframework.security.config.annotation.web.builders.HttpSecurity]: Factory method 'httpSecurity' threw exception; nested exception is org.springframework.beans.factory.BeanCreationException: Error creating bean with name 'authenticateUsers' defined in class path resource [com/greatlearning/EmpREST/security/SecurityConfig_A.class]: Bean instantiation via factory method failed; nested exception is org.springframework.beans.BeanInstantiationException: Failed to instantiate [org.springframework.security.provisioning.UserDetailsManager]: Factory method 'authenticateUsers' threw exception; nested exception is java.lang.IllegalArgumentException: Cannot pass a null GrantedAuthority collection
Caused by: org.springframework.beans.factory.BeanCreationException: Error creating bean with name 'authenticateUsers' defined in class path resource [com/greatlearning/EmpREST/security/SecurityConfig_A.class]: Bean instantiation via factory method failed; nested exception is org.springframework.beans.BeanInstantiationException: Failed to instantiate [org.springframework.security.provisioning.UserDetailsManager]: Factory method 'authenticateUsers' threw exception; nested exception is java.lang.IllegalArgumentException: Cannot pass a null GrantedAuthority collection
Caused by: org.springframework.beans.BeanInstantiationException: Failed to instantiate [org.springframework.security.provisioning.UserDetailsManager]: Factory method 'authenticateUsers' threw exception; nested exception is java.lang.IllegalArgumentException: Cannot pass a null GrantedAuthority collection
Caused by: java.lang.IllegalArgumentException: Cannot pass a null GrantedAuthority collection

